INFO:encore:314 - Created non-GUI application for batch mode execution.
INFO:sim:172 - Generating IP...
Resolving generics for 'addsb_11_0_466a9d5db3d8f7f1'...
Applying external generics to 'addsb_11_0_466a9d5db3d8f7f1'...
Delivering associated files for 'addsb_11_0_466a9d5db3d8f7f1'...
Generating implementation netlist for 'addsb_11_0_466a9d5db3d8f7f1'...
INFO:sim - Pre-processing HDL files for 'addsb_11_0_466a9d5db3d8f7f1'...
Running synthesis for 'addsb_11_0_466a9d5db3d8f7f1'
Running ngcbuild...
Writing VHO instantiation template for 'addsb_11_0_466a9d5db3d8f7f1'...
Writing VHDL behavioral simulation model for 'addsb_11_0_466a9d5db3d8f7f1'...
Delivered 3 files into directory
C:/Users/andryc/AppData/Local/Temp/sysgentmp-Andryc/cg_wk/c48367923b74a871f/tmp/
_cg/addsb_11_0_466a9d5db3d8f7f1
Delivered 1 file into directory
C:/Users/andryc/AppData/Local/Temp/sysgentmp-Andryc/cg_wk/c48367923b74a871f/tmp/
_cg/addsb_11_0_466a9d5db3d8f7f1
INFO:sim:949 - Finished generation of ASY schematic symbol.
Generating metadata file...
Generating ISE project file for 'addsb_11_0_466a9d5db3d8f7f1'...
Generating README file...
Generating FLIST file...
INFO:sim:948 - Finished FLIST file generation.
Moving files to output directory...
Finished moving files to output directory
Saved CGP file for project 'coregen'.
Saved CGP file for project 'coregen'.
